<?xml version="1.0" encoding="UTF-8"?>
<!-- Generated by org.testng.reporters.JUnitXMLReporter -->
<testsuite ignored="0" hostname="EC2AMAZ-C4MGU7T" failures="42" tests="86" name="FireFox Browser Execution(failed)" time="46.618" errors="0" timestamp="2023-05-09T16:19:05 GMT">
  <testcase classname="io.cucumber.testng.AbstractTestNGCucumberTests" name="runScenario" time="1.71">
    <failure type="java.lang.AssertionError" message="expected [true] but found [false]">
      <![CDATA[java.lang.AssertionError: expected [true] but found [false]
at stepdefs.PDPStepDefinition.user_clicks_on_the_selected_product_image(PDPStepDefinition.java:266)
at ✽.user clicks on the  selected product image(file:///C:/Users/Administrator/eclipse-workspace/TFGHobbs/src/test/resources/features/BreadcrumbNavigation_AddRemoveWishlist_ViewProductImage_UK.feature:52)
... Removed 4 stack frames]]>
    </failure>
  </testcase> <!-- runScenario -->
  <testcase classname="io.cucumber.testng.AbstractTestNGCucumberTests" name="runScenario" time="1.093">
    <failure type="java.lang.AssertionError" message="expected [true] but found [false]">
      <![CDATA[java.lang.AssertionError: expected [true] but found [false]
at stepdefs.PDPStepDefinition.user_clicks_on_Breadscrummaincategory(PDPStepDefinition.java:192)
at ✽.user clicks on breadcrumb link for maincategory(file:///C:/Users/Administrator/eclipse-workspace/TFGHobbs/src/test/resources/features/BreadcrumbNavigation_AddRemoveWishlist_ViewProductImage_UK.feature:57)
... Removed 4 stack frames]]>
    </failure>
  </testcase> <!-- runScenario -->
  <testcase classname="io.cucumber.testng.AbstractTestNGCucumberTests" name="runScenario" time="0.091">
    <skipped/>
  </testcase> <!-- runScenario -->
  <testcase classname="io.cucumber.testng.AbstractTestNGCucumberTests" name="runScenario" time="0.062">
    <skipped/>
  </testcase> <!-- runScenario -->
  <testcase classname="io.cucumber.testng.AbstractTestNGCucumberTests" name="runScenario" time="0.032">
    <skipped/>
  </testcase> <!-- runScenario -->
  <testcase classname="io.cucumber.testng.AbstractTestNGCucumberTests" name="runScenario" time="0.036">
    <skipped/>
  </testcase> <!-- runScenario -->
  <testcase classname="io.cucumber.testng.AbstractTestNGCucumberTests" name="runScenario" time="0.039">
    <skipped/>
  </testcase> <!-- runScenario -->
  <testcase classname="io.cucumber.testng.AbstractTestNGCucumberTests" name="runScenario" time="0.031">
    <skipped/>
  </testcase> <!-- runScenario -->
  <testcase classname="io.cucumber.testng.AbstractTestNGCucumberTests" name="runScenario" time="0.072">
    <skipped/>
  </testcase> <!-- runScenario -->
  <testcase classname="io.cucumber.testng.AbstractTestNGCucumberTests" name="runScenario" time="0.095">
    <skipped/>
  </testcase> <!-- runScenario -->
  <testcase classname="io.cucumber.testng.AbstractTestNGCucumberTests" name="runScenario" time="0.033">
    <skipped/>
  </testcase> <!-- runScenario -->
  <testcase classname="io.cucumber.testng.AbstractTestNGCucumberTests" name="runScenario" time="0.034">
    <skipped/>
  </testcase> <!-- runScenario -->
  <testcase classname="io.cucumber.testng.AbstractTestNGCucumberTests" name="runScenario" time="0.031">
    <skipped/>
  </testcase> <!-- runScenario -->
  <testcase classname="io.cucumber.testng.AbstractTestNGCucumberTests" name="runScenario" time="0.036">
    <skipped/>
  </testcase> <!-- runScenario -->
  <testcase classname="io.cucumber.testng.AbstractTestNGCucumberTests" name="runScenario" time="0.041">
    <skipped/>
  </testcase> <!-- runScenario -->
  <testcase classname="io.cucumber.testng.AbstractTestNGCucumberTests" name="runScenario" time="0.035">
    <skipped/>
  </testcase> <!-- runScenario -->
  <testcase classname="io.cucumber.testng.AbstractTestNGCucumberTests" name="runScenario" time="0.053">
    <skipped/>
  </testcase> <!-- runScenario -->
  <testcase classname="io.cucumber.testng.AbstractTestNGCucumberTests" name="runScenario" time="0.024">
    <skipped/>
  </testcase> <!-- runScenario -->
  <testcase classname="io.cucumber.testng.AbstractTestNGCucumberTests" name="runScenario" time="0.028">
    <skipped/>
  </testcase> <!-- runScenario -->
  <testcase classname="io.cucumber.testng.AbstractTestNGCucumberTests" name="runScenario" time="0.17">
    <skipped/>
  </testcase> <!-- runScenario -->
  <testcase classname="io.cucumber.testng.AbstractTestNGCucumberTests" name="runScenario" time="0.053">
    <skipped/>
  </testcase> <!-- runScenario -->
  <testcase classname="io.cucumber.testng.AbstractTestNGCucumberTests" name="runScenario" time="0.101">
    <failure type="java.lang.NullPointerException" message="Cannot invoke &amp;quot;String.equals(Object)&amp;quot; because &amp;quot;stepdefs.HomePageStepDefinition.Environment&amp;quot; is null">
      <![CDATA[java.lang.NullPointerException: Cannot invoke "String.equals(Object)" because "stepdefs.HomePageStepDefinition.Environment" is null
at stepdefs.CheckoutPaymentStepDefinition.user_enters_the_amount_to_use(CheckoutPaymentStepDefinition.java:205)
at ✽.user enters the amount to use(file:///C:/Users/Administrator/eclipse-workspace/TFGHobbs/src/test/resources/features/GuestCustomer_ApplyFilters_PayByGiftCard_UK.feature:99)
]]>
    </failure>
  </testcase> <!-- runScenario -->
  <testcase classname="io.cucumber.testng.AbstractTestNGCucumberTests" name="runScenario" time="0.059">
    <failure type="java.lang.AssertionError" message="expected [true] but found [false]">
      <![CDATA[java.lang.AssertionError: expected [true] but found [false]
at stepdefs.CheckoutPaymentStepDefinition.user_selects_payment_type_payment_method(CheckoutPaymentStepDefinition.java:59)
at ✽.user selects <PaymentType> payment method(file:///C:/Users/Administrator/eclipse-workspace/TFGHobbs/src/test/resources/features/GuestCustomer_ApplyFilters_PayByGiftCard_UK.feature:104)
... Removed 4 stack frames]]>
    </failure>
  </testcase> <!-- runScenario -->
  <testcase classname="io.cucumber.testng.AbstractTestNGCucumberTests" name="runScenario" time="0.052">
    <failure type="java.lang.AssertionError" message="expected [true] but found [false]">
      <![CDATA[java.lang.AssertionError: expected [true] but found [false]
at stepdefs.CheckoutPaymentStepDefinition.user_clicks_on_place_order_and_pay_securely_cta(CheckoutPaymentStepDefinition.java:128)
at ✽.user clicks on place order and pay securely CTA(file:///C:/Users/Administrator/eclipse-workspace/TFGHobbs/src/test/resources/features/GuestCustomer_ApplyFilters_PayByGiftCard_UK.feature:115)
... Removed 4 stack frames]]>
    </failure>
  </testcase> <!-- runScenario -->
  <testcase classname="io.cucumber.testng.AbstractTestNGCucumberTests" name="runScenario" time="0.235">
    <failure type="java.lang.NullPointerException" message="Cannot read field &amp;quot;brandLogo1&amp;quot; because &amp;quot;stepdefs.HomePageStepDefinition.homePage&amp;quot; is null">
      <![CDATA[java.lang.NullPointerException: Cannot read field "brandLogo1" because "stepdefs.HomePageStepDefinition.homePage" is null
at stepdefs.HomePageStepDefinition.user_clicks_on_brand_logo(HomePageStepDefinition.java:344)
at ✽.user clicks on brand logo(file:///C:/Users/Administrator/eclipse-workspace/TFGHobbs/src/test/resources/features/GuestCustomer_ApplyFilters_PayByGiftCard_UK.feature:120)
]]>
    </failure>
  </testcase> <!-- runScenario -->
  <testcase classname="io.cucumber.testng.AbstractTestNGCucumberTests" name="runScenario" time="0.161">
    <skipped/>
  </testcase> <!-- runScenario -->
  <testcase classname="io.cucumber.testng.AbstractTestNGCucumberTests" name="runScenario" time="0.072">
    <skipped/>
  </testcase> <!-- runScenario -->
  <testcase classname="io.cucumber.testng.AbstractTestNGCucumberTests" name="runScenario" time="0.084">
    <skipped/>
  </testcase> <!-- runScenario -->
  <testcase classname="io.cucumber.testng.AbstractTestNGCucumberTests" name="runScenario" time="0.025">
    <skipped/>
  </testcase> <!-- runScenario -->
  <testcase classname="io.cucumber.testng.AbstractTestNGCucumberTests" name="runScenario" time="0.027">
    <skipped/>
  </testcase> <!-- runScenario -->
  <testcase classname="io.cucumber.testng.AbstractTestNGCucumberTests" name="runScenario" time="0.024">
    <skipped/>
  </testcase> <!-- runScenario -->
  <testcase classname="io.cucumber.testng.AbstractTestNGCucumberTests" name="runScenario" time="0.033">
    <skipped/>
  </testcase> <!-- runScenario -->
  <testcase classname="io.cucumber.testng.AbstractTestNGCucumberTests" name="runScenario" time="0.026">
    <skipped/>
  </testcase> <!-- runScenario -->
  <testcase classname="io.cucumber.testng.AbstractTestNGCucumberTests" name="runScenario" time="0.057">
    <skipped/>
  </testcase> <!-- runScenario -->
  <testcase classname="io.cucumber.testng.AbstractTestNGCucumberTests" name="runScenario" time="0.039">
    <skipped/>
  </testcase> <!-- runScenario -->
  <testcase classname="io.cucumber.testng.AbstractTestNGCucumberTests" name="runScenario" time="0.107">
    <skipped/>
  </testcase> <!-- runScenario -->
  <testcase classname="io.cucumber.testng.AbstractTestNGCucumberTests" name="runScenario" time="0.023">
    <skipped/>
  </testcase> <!-- runScenario -->
  <testcase classname="io.cucumber.testng.AbstractTestNGCucumberTests" name="runScenario" time="0.271">
    <failure type="java.lang.AssertionError" message="expected [true] but found [false]">
      <![CDATA[java.lang.AssertionError: expected [true] but found [false]
at stepdefs.HomePageStepDefinition.user_is_on_news_letter_page(HomePageStepDefinition.java:1056)
at ✽.user is on news letter page(file:///C:/Users/Administrator/eclipse-workspace/TFGHobbs/src/test/resources/features/NewsletterPage_MaketingPreference_UK.feature:52)
... Removed 4 stack frames]]>
    </failure>
  </testcase> <!-- runScenario -->
  <testcase classname="io.cucumber.testng.AbstractTestNGCucumberTests" name="runScenario" time="0.183">
    <failure type="java.lang.AssertionError" message="expected [true] but found [false]">
      <![CDATA[java.lang.AssertionError: expected [true] but found [false]
at stepdefs.HomePageStepDefinition.when_user_clicks_on_the_change_button_from_Account_preference_page(HomePageStepDefinition.java:1952)
at ✽.when user clicks on the change button from Account-preference page(file:///C:/Users/Administrator/eclipse-workspace/TFGHobbs/src/test/resources/features/PrefferedStoreValidation_TrackOrders_ChangePassword_UK.feature:75)
... Removed 4 stack frames]]>
    </failure>
  </testcase> <!-- runScenario -->
  <testcase classname="io.cucumber.testng.AbstractTestNGCucumberTests" name="runScenario" time="0.038">
    <failure type="java.lang.AssertionError" message="expected [true] but found [false]">
      <![CDATA[java.lang.AssertionError: expected [true] but found [false]
at stepdefs.HomePageStepDefinition.user_clicks_on_the_remove_choice_button_from_Account_preference_page(HomePageStepDefinition.java:1992)
at ✽.user clicks on the remove choice button from Account-preference page(file:///C:/Users/Administrator/eclipse-workspace/TFGHobbs/src/test/resources/features/PrefferedStoreValidation_TrackOrders_ChangePassword_UK.feature:85)
... Removed 4 stack frames]]>
    </failure>
  </testcase> <!-- runScenario -->
  <testcase classname="io.cucumber.testng.AbstractTestNGCucumberTests" name="runScenario" time="0.057">
    <failure type="java.lang.AssertionError" message="expected [true] but found [false]">
      <![CDATA[java.lang.AssertionError: expected [true] but found [false]
at stepdefs.HomePageStepDefinition.user_clicks_on_update_details_button(HomePageStepDefinition.java:1557)
at ✽.user clicks on update details button(file:///C:/Users/Administrator/eclipse-workspace/TFGHobbs/src/test/resources/features/PrefferedStoreValidation_TrackOrders_ChangePassword_UK.feature:90)
... Removed 4 stack frames]]>
    </failure>
  </testcase> <!-- runScenario -->
  <testcase classname="io.cucumber.testng.AbstractTestNGCucumberTests" name="runScenario" time="0.077">
    <failure type="java.lang.AssertionError" message="expected [true] but found [false]">
      <![CDATA[java.lang.AssertionError: expected [true] but found [false]
at stepdefs.HomePageStepDefinition.user_clicks_on_update_details_button(HomePageStepDefinition.java:1557)
at ✽.user clicks on update details button(file:///C:/Users/Administrator/eclipse-workspace/TFGHobbs/src/test/resources/features/PrefferedStoreValidation_TrackOrders_ChangePassword_UK.feature:103)
... Removed 4 stack frames]]>
    </failure>
  </testcase> <!-- runScenario -->
  <testcase classname="io.cucumber.testng.AbstractTestNGCucumberTests" name="runScenario" time="0.046">
    <failure type="java.lang.AssertionError" message="expected [true] but found [false]">
      <![CDATA[java.lang.AssertionError: expected [true] but found [false]
at stepdefs.HomePageStepDefinition.user_clicks_on_the_Log_out_button_from_the_account_management_page(HomePageStepDefinition.java:2030)
at ✽.user clicks on the Log out button from the account management page(file:///C:/Users/Administrator/eclipse-workspace/TFGHobbs/src/test/resources/features/PrefferedStoreValidation_TrackOrders_ChangePassword_UK.feature:116)
... Removed 4 stack frames]]>
    </failure>
  </testcase> <!-- runScenario -->
  <testcase classname="io.cucumber.testng.AbstractTestNGCucumberTests" name="runScenario" time="0.034">
    <failure type="java.lang.AssertionError" message="expected [true] but found [false]">
      <![CDATA[java.lang.AssertionError: expected [true] but found [false]
at stepdefs.HomePageStepDefinition.user_clicks_on_my_account_icon_on_header(HomePageStepDefinition.java:431)
at ✽.user clicks on my account icon on header(file:///C:/Users/Administrator/eclipse-workspace/TFGHobbs/src/test/resources/features/PrefferedStoreValidation_TrackOrders_ChangePassword_UK.feature:121)
... Removed 4 stack frames]]>
    </failure>
  </testcase> <!-- runScenario -->
  <testcase classname="io.cucumber.testng.AbstractTestNGCucumberTests" name="runScenario" time="0.025">
    <failure type="java.lang.NullPointerException" message="Cannot invoke &amp;quot;String.equals(Object)&amp;quot; because &amp;quot;stepdefs.HomePageStepDefinition.Environment&amp;quot; is null">
      <![CDATA[java.lang.NullPointerException: Cannot invoke "String.equals(Object)" because "stepdefs.HomePageStepDefinition.Environment" is null
at stepdefs.HomePageStepDefinition.user_enters_Order_number_Order_email_and_Billing_postcode(HomePageStepDefinition.java:2060)
at ✽.user enters <Order number><Order email> and <Billing postcode>(file:///C:/Users/Administrator/eclipse-workspace/TFGHobbs/src/test/resources/features/PrefferedStoreValidation_TrackOrders_ChangePassword_UK.feature:127)
]]>
    </failure>
  </testcase> <!-- runScenario -->
  <testcase classname="io.cucumber.testng.AbstractTestNGCucumberTests" name="runScenario" time="0.026">
    <failure type="java.lang.AssertionError" message="expected [true] but found [false]">
      <![CDATA[java.lang.AssertionError: expected [true] but found [false]
at stepdefs.HomePageStepDefinition.user_clicks_on_my_account_icon_on_header(HomePageStepDefinition.java:431)
at ✽.user clicks on my account icon on header(file:///C:/Users/Administrator/eclipse-workspace/TFGHobbs/src/test/resources/features/PrefferedStoreValidation_TrackOrders_ChangePassword_UK.feature:136)
... Removed 4 stack frames]]>
    </failure>
  </testcase> <!-- runScenario -->
  <testcase classname="io.cucumber.testng.AbstractTestNGCucumberTests" name="runScenario" time="0.14">
    <failure type="java.lang.AssertionError" message="expected [true] but found [false]">
      <![CDATA[java.lang.AssertionError: expected [true] but found [false]
at stepdefs.HomePageStepDefinition.user_enters_correct_Email_and_incorrect_Password(HomePageStepDefinition.java:473)
at ✽.user enters Email and Password(file:///C:/Users/Administrator/eclipse-workspace/TFGHobbs/src/test/resources/features/PrefferedStoreValidation_TrackOrders_ChangePassword_UK.feature:141)
... Removed 4 stack frames]]>
    </failure>
  </testcase> <!-- runScenario -->
  <testcase classname="io.cucumber.testng.AbstractTestNGCucumberTests" name="runScenario" time="3.024">
    <failure type="java.lang.AssertionError" message="expected [true] but found [false]">
      <![CDATA[java.lang.AssertionError: expected [true] but found [false]
at stepdefs.HomePageStepDefinition.user_clicks_on_view_orders_button(HomePageStepDefinition.java:1794)
at ✽.user clicks on view orders button(file:///C:/Users/Administrator/eclipse-workspace/TFGHobbs/src/test/resources/features/PrefferedStoreValidation_TrackOrders_ChangePassword_UK.feature:149)
... Removed 4 stack frames]]>
    </failure>
  </testcase> <!-- runScenario -->
  <testcase classname="io.cucumber.testng.AbstractTestNGCucumberTests" name="runScenario" time="0.049">
    <failure type="java.lang.AssertionError" message="expected [true] but found [false]">
      <![CDATA[java.lang.AssertionError: expected [true] but found [false]
at stepdefs.HomePageStepDefinition.user_clicks_on_the_edit_payment_and_billing_option(HomePageStepDefinition.java:1700)
at ✽.user clicks on the edit payment and billing option(file:///C:/Users/Administrator/eclipse-workspace/TFGHobbs/src/test/resources/features/PrefferedStoreValidation_TrackOrders_ChangePassword_UK.feature:154)
... Removed 4 stack frames]]>
    </failure>
  </testcase> <!-- runScenario -->
  <testcase classname="io.cucumber.testng.AbstractTestNGCucumberTests" name="runScenario" time="0.094">
    <failure type="java.lang.AssertionError" message="expected [true] but found [false]">
      <![CDATA[java.lang.AssertionError: expected [true] but found [false]
at stepdefs.CheckoutPaymentStepDefinition.user_clicks_on_place_order_and_pay_securely_cta(CheckoutPaymentStepDefinition.java:128)
at ✽.user clicks on place order and pay securely CTA(file:///C:/Users/Administrator/eclipse-workspace/TFGHobbs/src/test/resources/features/RegisteredCustomer_ApplyFilters_PayByCard_UK.feature:110)
... Removed 4 stack frames]]>
    </failure>
  </testcase> <!-- runScenario -->
  <testcase classname="io.cucumber.testng.AbstractTestNGCucumberTests" name="runScenario" time="0.037">
    <failure type="java.lang.AssertionError" message="expected [true] but found [false]">
      <![CDATA[java.lang.AssertionError: expected [true] but found [false]
at stepdefs.CheckoutConfirmationStepDefinition.user_clicks_on_log_out_button(CheckoutConfirmationStepDefinition.java:81)
at ✽.user clicks on log out button(file:///C:/Users/Administrator/eclipse-workspace/TFGHobbs/src/test/resources/features/RegisteredCustomer_ApplyFilters_PayByCard_UK.feature:115)
... Removed 4 stack frames]]>
    </failure>
  </testcase> <!-- runScenario -->
  <testcase classname="io.cucumber.testng.AbstractTestNGCucumberTests" name="runScenario" time="0.021">
    <failure type="java.lang.NullPointerException" message="Cannot read field &amp;quot;brandLogo1&amp;quot; because &amp;quot;stepdefs.HomePageStepDefinition.homePage&amp;quot; is null">
      <![CDATA[java.lang.NullPointerException: Cannot read field "brandLogo1" because "stepdefs.HomePageStepDefinition.homePage" is null
at stepdefs.HomePageStepDefinition.user_clicks_on_brand_logo(HomePageStepDefinition.java:344)
at ✽.user clicks on brand logo(file:///C:/Users/Administrator/eclipse-workspace/TFGHobbs/src/test/resources/features/RegisteredCustomer_ApplyFilters_PayByCard_UK.feature:120)
]]>
    </failure>
  </testcase> <!-- runScenario -->
  <testcase classname="io.cucumber.testng.AbstractTestNGCucumberTests" name="runScenario" time="0.021">
    <skipped/>
  </testcase> <!-- runScenario -->
  <testcase classname="io.cucumber.testng.AbstractTestNGCucumberTests" name="runScenario" time="0.015">
    <skipped/>
  </testcase> <!-- runScenario -->
  <testcase classname="io.cucumber.testng.AbstractTestNGCucumberTests" name="runScenario" time="0.017">
    <skipped/>
  </testcase> <!-- runScenario -->
  <testcase classname="io.cucumber.testng.AbstractTestNGCucumberTests" name="runScenario" time="0.014">
    <skipped/>
  </testcase> <!-- runScenario -->
  <testcase classname="io.cucumber.testng.AbstractTestNGCucumberTests" name="runScenario" time="0.019">
    <skipped/>
  </testcase> <!-- runScenario -->
  <testcase classname="io.cucumber.testng.AbstractTestNGCucumberTests" name="runScenario" time="0.021">
    <skipped/>
  </testcase> <!-- runScenario -->
  <testcase classname="io.cucumber.testng.AbstractTestNGCucumberTests" name="runScenario" time="0.06">
    <skipped/>
  </testcase> <!-- runScenario -->
  <testcase classname="io.cucumber.testng.AbstractTestNGCucumberTests" name="runScenario" time="0.071">
    <skipped/>
  </testcase> <!-- runScenario -->
  <testcase classname="io.cucumber.testng.AbstractTestNGCucumberTests" name="runScenario" time="0.034">
    <skipped/>
  </testcase> <!-- runScenario -->
  <testcase classname="io.cucumber.testng.AbstractTestNGCucumberTests" name="runScenario" time="0.019">
    <skipped/>
  </testcase> <!-- runScenario -->
  <testcase classname="io.cucumber.testng.AbstractTestNGCucumberTests" name="runScenario" time="0.033">
    <skipped/>
  </testcase> <!-- runScenario -->
  <testcase classname="io.cucumber.testng.AbstractTestNGCucumberTests" name="runScenario" time="0.022">
    <skipped/>
  </testcase> <!-- runScenario -->
  <testcase classname="io.cucumber.testng.AbstractTestNGCucumberTests" name="runScenario" time="0.017">
    <skipped/>
  </testcase> <!-- runScenario -->
  <testcase classname="io.cucumber.testng.AbstractTestNGCucumberTests" name="runScenario" time="0.104">
    <failure type="java.lang.AssertionError" message="expected [true] but found [false]">
      <![CDATA[java.lang.AssertionError: expected [true] but found [false]
at stepdefs.CheckoutPaymentStepDefinition.user_clicks_on_place_order_and_pay_securely_cta(CheckoutPaymentStepDefinition.java:128)
at ✽.user clicks on place order and pay securely CTA(file:///C:/Users/Administrator/eclipse-workspace/TFGHobbs/src/test/resources/features/RegisteredCustomer_CheckoutAsGuest_PayByCard_UK.feature:107)
... Removed 4 stack frames]]>
    </failure>
  </testcase> <!-- runScenario -->
  <testcase classname="io.cucumber.testng.AbstractTestNGCucumberTests" name="runScenario" time="0.037">
    <failure type="java.lang.NullPointerException" message="Cannot read field &amp;quot;brandLogo1&amp;quot; because &amp;quot;stepdefs.HomePageStepDefinition.homePage&amp;quot; is null">
      <![CDATA[java.lang.NullPointerException: Cannot read field "brandLogo1" because "stepdefs.HomePageStepDefinition.homePage" is null
at stepdefs.HomePageStepDefinition.user_clicks_on_brand_logo(HomePageStepDefinition.java:344)
at ✽.user clicks on brand logo(file:///C:/Users/Administrator/eclipse-workspace/TFGHobbs/src/test/resources/features/RegisteredCustomer_CheckoutAsGuest_PayByCard_UK.feature:112)
]]>
    </failure>
  </testcase> <!-- runScenario -->
  <testcase classname="io.cucumber.testng.AbstractTestNGCucumberTests" name="runScenario" time="2.061">
    <failure type="java.lang.AssertionError" message="expected [true] but found [false]">
      <![CDATA[java.lang.AssertionError: expected [true] but found [false]
at stepdefs.PLPStepDefinition.Price_Low_to_High(PLPStepDefinition.java:924)
at ✽.user selects sort option from the sort dropdown(file:///C:/Users/Administrator/eclipse-workspace/TFGHobbs/src/test/resources/features/SortProducts_ApplyFilters_ImageToggle_Pagination_QuickAdd_UK.feature:29)
... Removed 4 stack frames]]>
    </failure>
  </testcase> <!-- runScenario -->
  <testcase classname="io.cucumber.testng.AbstractTestNGCucumberTests" name="runScenario" time="2.038">
    <failure type="java.lang.NullPointerException" message="Cannot invoke &amp;quot;org.openqa.selenium.WebDriver.findElement(org.openqa.selenium.By)&amp;quot; because &amp;quot;this.driver&amp;quot; is null">
      <![CDATA[java.lang.NullPointerException: Cannot invoke "org.openqa.selenium.WebDriver.findElement(org.openqa.selenium.By)" because "this.driver" is null
at pageobjects.PLP.Filtercolor(PLP.java:179)
at stepdefs.PLPStepDefinition.user_applies_a_single_filter_of_filter_name_in_main_filter_on_plp(PLPStepDefinition.java:270)
at ✽.user applies a single filter of <FilterName> in <MainFilter> on PLP(file:///C:/Users/Administrator/eclipse-workspace/TFGHobbs/src/test/resources/features/SortProducts_ApplyFilters_ImageToggle_Pagination_QuickAdd_UK.feature:35)
]]>
    </failure>
  </testcase> <!-- runScenario -->
  <testcase classname="io.cucumber.testng.AbstractTestNGCucumberTests" name="runScenario" time="1.024">
    <failure type="java.lang.AssertionError" message="expected [true] but found [false]">
      <![CDATA[java.lang.AssertionError: expected [true] but found [false]
at stepdefs.PLPStepDefinition.user_clicks_on_the_cross_icon_of_a_single_filter_applied_on_PLP(PLPStepDefinition.java:298)
at ✽.user clicks on the cross icon of a single filter applied on PLP(file:///C:/Users/Administrator/eclipse-workspace/TFGHobbs/src/test/resources/features/SortProducts_ApplyFilters_ImageToggle_Pagination_QuickAdd_UK.feature:44)
... Removed 4 stack frames]]>
    </failure>
  </testcase> <!-- runScenario -->
  <testcase classname="io.cucumber.testng.AbstractTestNGCucumberTests" name="runScenario" time="0.046">
    <failure type="java.lang.AssertionError" message="expected [true] but found [false]">
      <![CDATA[java.lang.AssertionError: expected [true] but found [false]
at stepdefs.PLPStepDefinition.user_applies_multiple_filter_of_filter_name_in_main_filter_on_plp(PLPStepDefinition.java:609)
at ✽.user applies multiple filter of <FilterName> in <MainFilter> on PLP(file:///C:/Users/Administrator/eclipse-workspace/TFGHobbs/src/test/resources/features/SortProducts_ApplyFilters_ImageToggle_Pagination_QuickAdd_UK.feature:49)
... Removed 4 stack frames]]>
    </failure>
  </testcase> <!-- runScenario -->
  <testcase classname="io.cucumber.testng.AbstractTestNGCucumberTests" name="runScenario" time="4.025">
    <failure type="java.lang.AssertionError" message="expected [true] but found [false]">
      <![CDATA[java.lang.AssertionError: expected [true] but found [false]
at stepdefs.PLPStepDefinition.removes_multiple_filter(PLPStepDefinition.java:569)
at ✽.user removes multiple filter from applied filter on PLP(file:///C:/Users/Administrator/eclipse-workspace/TFGHobbs/src/test/resources/features/SortProducts_ApplyFilters_ImageToggle_Pagination_QuickAdd_UK.feature:57)
... Removed 4 stack frames]]>
    </failure>
  </testcase> <!-- runScenario -->
  <testcase classname="io.cucumber.testng.AbstractTestNGCucumberTests" name="runScenario" time="0.026">
    <failure type="java.lang.NullPointerException" message="Cannot invoke &amp;quot;org.openqa.selenium.JavascriptExecutor.executeScript(String, Object[])&amp;quot; because &amp;quot;js&amp;quot; is null">
      <![CDATA[java.lang.NullPointerException: Cannot invoke "org.openqa.selenium.JavascriptExecutor.executeScript(String, Object[])" because "js" is null
at utility.WebDriverManagedef.JsScrollBy(WebDriverManagedef.java:465)
at stepdefs.PLPStepDefinition.user_applies_all_filter_of_filter_name_in_main_filter_on_plp(PLPStepDefinition.java:639)
at ✽.user applies all filters <FilterName> in <MainFilter> on PLP(file:///C:/Users/Administrator/eclipse-workspace/TFGHobbs/src/test/resources/features/SortProducts_ApplyFilters_ImageToggle_Pagination_QuickAdd_UK.feature:65)
]]>
    </failure>
  </testcase> <!-- runScenario -->
  <testcase classname="io.cucumber.testng.AbstractTestNGCucumberTests" name="runScenario" time="0.072">
    <failure type="java.lang.AssertionError" message="expected [true] but found [false]">
      <![CDATA[java.lang.AssertionError: expected [true] but found [false]
at stepdefs.PLPStepDefinition.user_clicks_on_clearAll_filters(PLPStepDefinition.java:1046)
at ✽.user clicks on clearAll filters(file:///C:/Users/Administrator/eclipse-workspace/TFGHobbs/src/test/resources/features/SortProducts_ApplyFilters_ImageToggle_Pagination_QuickAdd_UK.feature:80)
... Removed 4 stack frames]]>
    </failure>
  </testcase> <!-- runScenario -->
  <testcase classname="io.cucumber.testng.AbstractTestNGCucumberTests" name="runScenario" time="0.048">
    <failure type="java.lang.AssertionError" message="expected [true] but found [false]">
      <![CDATA[java.lang.AssertionError: expected [true] but found [false]
at stepdefs.PLPStepDefinition.check_products(PLPStepDefinition.java:1098)
at ✽.user clicks on xx items per page(file:///C:/Users/Administrator/eclipse-workspace/TFGHobbs/src/test/resources/features/SortProducts_ApplyFilters_ImageToggle_Pagination_QuickAdd_UK.feature:85)
... Removed 4 stack frames]]>
    </failure>
  </testcase> <!-- runScenario -->
  <testcase classname="io.cucumber.testng.AbstractTestNGCucumberTests" name="runScenario" time="16.042">
    <failure type="java.lang.AssertionError" message="expected [true] but found [false]">
      <![CDATA[java.lang.AssertionError: expected [true] but found [false]
at stepdefs.PLPStepDefinition.user_clicks_on_forward_arrow_button(PLPStepDefinition.java:415)
at ✽.user clicks on forward_arrow button(file:///C:/Users/Administrator/eclipse-workspace/TFGHobbs/src/test/resources/features/SortProducts_ApplyFilters_ImageToggle_Pagination_QuickAdd_UK.feature:90)
... Removed 4 stack frames]]>
    </failure>
  </testcase> <!-- runScenario -->
  <testcase classname="io.cucumber.testng.AbstractTestNGCucumberTests" name="runScenario" time="0.041">
    <failure type="java.lang.AssertionError" message="expected [true] but found [false]">
      <![CDATA[java.lang.AssertionError: expected [true] but found [false]
at stepdefs.PLPStepDefinition.model_image_toggle(PLPStepDefinition.java:1183)
at ✽.user click on model image toggle(file:///C:/Users/Administrator/eclipse-workspace/TFGHobbs/src/test/resources/features/SortProducts_ApplyFilters_ImageToggle_Pagination_QuickAdd_UK.feature:97)
... Removed 4 stack frames]]>
    </failure>
  </testcase> <!-- runScenario -->
  <testcase classname="io.cucumber.testng.AbstractTestNGCucumberTests" name="runScenario" time="3.05">
    <failure type="java.lang.AssertionError" message="expected [true] but found [false]">
      <![CDATA[java.lang.AssertionError: expected [true] but found [false]
at stepdefs.PDPStepDefinition.user_clicks_on_the_review_button(PDPStepDefinition.java:307)
at ✽.user clicks on the review button(file:///C:/Users/Administrator/eclipse-workspace/TFGHobbs/src/test/resources/features/ViewAndSortReview_Verifysizeguide_UK.feature:30)
... Removed 4 stack frames]]>
    </failure>
  </testcase> <!-- runScenario -->
  <testcase classname="io.cucumber.testng.AbstractTestNGCucumberTests" name="runScenario" time="0.102">
    <failure type="java.lang.AssertionError" message="expected [true] but found [false]">
      <![CDATA[java.lang.AssertionError: expected [true] but found [false]
at stepdefs.PDPStepDefinition.user_clicks_the_Loadmore_button_from_the_review_panel(PDPStepDefinition.java:598)
at ✽.user clicks the Loadmore button from the review panel(file:///C:/Users/Administrator/eclipse-workspace/TFGHobbs/src/test/resources/features/ViewAndSortReview_Verifysizeguide_UK.feature:36)
... Removed 4 stack frames]]>
    </failure>
  </testcase> <!-- runScenario -->
  <testcase classname="io.cucumber.testng.AbstractTestNGCucumberTests" name="runScenario" time="1.029">
    <failure type="java.lang.AssertionError" message="expected [true] but found [false]">
      <![CDATA[java.lang.AssertionError: expected [true] but found [false]
at stepdefs.PDPStepDefinition.user_clicks_on_close_button(PDPStepDefinition.java:371)
at ✽.user clicks on close button(file:///C:/Users/Administrator/eclipse-workspace/TFGHobbs/src/test/resources/features/ViewAndSortReview_Verifysizeguide_UK.feature:41)
... Removed 4 stack frames]]>
    </failure>
  </testcase> <!-- runScenario -->
  <testcase classname="io.cucumber.testng.AbstractTestNGCucumberTests" name="runScenario" time="3.022">
    <failure type="java.lang.AssertionError" message="expected [true] but found [false]">
      <![CDATA[java.lang.AssertionError: expected [true] but found [false]
at stepdefs.PDPStepDefinition.user_clicks_on_the_review_button(PDPStepDefinition.java:307)
at ✽.user clicks on the review button(file:///C:/Users/Administrator/eclipse-workspace/TFGHobbs/src/test/resources/features/ViewAndSortReview_Verifysizeguide_UK.feature:46)
... Removed 4 stack frames]]>
    </failure>
  </testcase> <!-- runScenario -->
  <testcase classname="io.cucumber.testng.AbstractTestNGCucumberTests" name="runScenario" time="0.027">
    <failure type="java.lang.AssertionError" message="expected [true] but found [false]">
      <![CDATA[java.lang.AssertionError: expected [true] but found [false]
at stepdefs.PDPStepDefinition.user_clicks_on_size_guide_link(PDPStepDefinition.java:640)
at ✽.user clicks on size guide link(file:///C:/Users/Administrator/eclipse-workspace/TFGHobbs/src/test/resources/features/ViewAndSortReview_Verifysizeguide_UK.feature:53)
... Removed 4 stack frames]]>
    </failure>
  </testcase> <!-- runScenario -->
  <testcase classname="io.cucumber.testng.AbstractTestNGCucumberTests" name="runScenario" time="1.03">
    <failure type="java.lang.AssertionError" message="expected [true] but found [false]">
      <![CDATA[java.lang.AssertionError: expected [true] but found [false]
at stepdefs.PDPStepDefinition.user_clicks_the_close_button_on_the_size_guide_panel(PDPStepDefinition.java:674)
at ✽.user clicks the close button on the size guide panel(file:///C:/Users/Administrator/eclipse-workspace/TFGHobbs/src/test/resources/features/ViewAndSortReview_Verifysizeguide_UK.feature:58)
... Removed 4 stack frames]]>
    </failure>
  </testcase> <!-- runScenario -->
  <testcase classname="io.cucumber.testng.AbstractTestNGCucumberTests" name="runScenario" time="0.046">
    <failure type="java.lang.AssertionError" message="expected [true] but found [false]">
      <![CDATA[java.lang.AssertionError: expected [true] but found [false]
at stepdefs.PDPStepDefinition.user_clicks_on_Delivery_and_Returns_button(PDPStepDefinition.java:713)
at ✽.user clicks on Delivery and Returns button(file:///C:/Users/Administrator/eclipse-workspace/TFGHobbs/src/test/resources/features/ViewAndSortReview_Verifysizeguide_UK.feature:63)
... Removed 4 stack frames]]>
    </failure>
  </testcase> <!-- runScenario -->
  <testcase classname="io.cucumber.testng.AbstractTestNGCucumberTests" name="runScenario" time="1.036">
    <failure type="java.lang.AssertionError" message="expected [true] but found [false]">
      <![CDATA[java.lang.AssertionError: expected [true] but found [false]
at stepdefs.PDPStepDefinition.user_clicks_on_the_X_close_button_in_delivery_and_returns_panel(PDPStepDefinition.java:747)
at ✽.user clicks on the X close button in delivery and returns panel(file:///C:/Users/Administrator/eclipse-workspace/TFGHobbs/src/test/resources/features/ViewAndSortReview_Verifysizeguide_UK.feature:68)
... Removed 4 stack frames]]>
    </failure>
  </testcase> <!-- runScenario -->
  <testcase classname="io.cucumber.testng.AbstractTestNGCucumberTests" name="runScenario" time="0.034">
    <failure type="java.lang.AssertionError" message="expected [true] but found [false]">
      <![CDATA[java.lang.AssertionError: expected [true] but found [false]
at stepdefs.PDPStepDefinition.user_clicks_on_the_recommended_product(PDPStepDefinition.java:794)
at ✽.user clicks on the recommended product(file:///C:/Users/Administrator/eclipse-workspace/TFGHobbs/src/test/resources/features/ViewAndSortReview_Verifysizeguide_UK.feature:73)
... Removed 4 stack frames]]>
    </failure>
  </testcase> <!-- runScenario -->
</testsuite> <!-- FireFox Browser Execution(failed) -->
